<?xml version="1.0" encoding="UTF-8"?>
<testsuite xmlns:xsi="http://www.w3.org/2001/XMLSchema-instance" xsi:noNamespaceSchemaLocation="https://maven.apache.org/surefire/maven-surefire-plugin/xsd/surefire-test-report.xsd" name="lab1.application.WalletApplicationServiceTest" time="0.317" tests="4" errors="0" skipped="0" failures="0">
  <properties>
[...]
</properties>
  <testcase name="unknownWalletThrows" classname="lab1.application.WalletApplicationServiceTest" time="0.22"/>
  <testcase name="failedWithdrawDoesNotChangeStoredState" classname="lab1.application.WalletApplicationServiceTest" time="0.031"/>
  <testcase name="withdrawIsPersisted" classname="lab1.application.WalletApplicationServiceTest" time="0.002"/>
  <testcase name="lockThenWithdrawFails" classname="lab1.application.WalletApplicationServiceTest" time="0.01"/>
</testsuite>